<?xml version="1.0" encoding="UTF-8"?>
<testng-results ignored="0" total="1" passed="1" failed="0" skipped="0">
  <reporter-output>
  </reporter-output>
  <suite started-at="2025-10-24T18:48:37 IST" name="Default suite" finished-at="2025-10-24T18:48:44 IST" duration-ms="6978">
    <groups>
    </groups>
    <test started-at="2025-10-24T18:48:37 IST" name="Default test" finished-at="2025-10-24T18:48:44 IST" duration-ms="6978">
      <class name="Day1.DffWaysToCreatePostRequestBody">
        <test-method signature="testPostUsingPojoClass()[pri:0, instance:Day1.DffWaysToCreatePostRequestBody@16d04d3d]" started-at="2025-10-24T18:48:37 IST" name="testPostUsingPojoClass" finished-at="2025-10-24T18:48:44 IST" duration-ms="6836" status="PASS">
          <reporter-output>
          </reporter-output>
        </test-method> <!-- testPostUsingPojoClass -->
      </class> <!-- Day1.DffWaysToCreatePostRequestBody -->
    </test> <!-- Default test -->
  </suite> <!-- Default suite -->
</testng-results>
